<?xml version="1.0" encoding="UTF-8"?>
<!-- Generated by org.testng.reporters.JUnitXMLReporter -->
<testsuite ignored="1" hostname="Pragti" failures="3" tests="3" name="Test" time="0.38" errors="0" timestamp="2024-04-11T18:16:44 IST">
  <testcase classname="com.qa.tests.TrickyquestionsinterviewTest" name="ag" time="0.124">
    <failure type="java.lang.NullPointerException" message="Cannot invoke &amp;quot;org.openqa.selenium.WebDriver.findElement(org.openqa.selenium.By)&amp;quot; because &amp;quot;this.driver&amp;quot; is null">
      <![CDATA[java.lang.NullPointerException: Cannot invoke "org.openqa.selenium.WebDriver.findElement(org.openqa.selenium.By)" because "this.driver" is null
at com.qa.tests.TrickyquestionsinterviewTest.ag(TrickyquestionsinterviewTest.java:56)
at java.base/java.util.ArrayList.forEach(ArrayList.java:1511)
... Removed 27 stack frames]]>
    </failure>
  </testcase> <!-- ag -->
  <testcase classname="com.qa.tests.TrickyquestionsinterviewTest" name="agi" time="0.006">
    <failure type="java.lang.NullPointerException" message="Cannot invoke &amp;quot;org.openqa.selenium.WebDriver.findElement(org.openqa.selenium.By)&amp;quot; because &amp;quot;this.driver&amp;quot; is null">
      <![CDATA[java.lang.NullPointerException: Cannot invoke "org.openqa.selenium.WebDriver.findElement(org.openqa.selenium.By)" because "this.driver" is null
at com.qa.tests.TrickyquestionsinterviewTest.agi(TrickyquestionsinterviewTest.java:65)
at java.base/java.util.ArrayList.forEach(ArrayList.java:1511)
... Removed 27 stack frames]]>
    </failure>
  </testcase> <!-- agi -->
  <testcase classname="com.qa.tests.TrickyquestionsinterviewTest" name="agii" time="0.005">
    <failure type="java.lang.NullPointerException" message="Cannot invoke &amp;quot;org.openqa.selenium.WebDriver.findElement(org.openqa.selenium.By)&amp;quot; because &amp;quot;this.driver&amp;quot; is null">
      <![CDATA[java.lang.NullPointerException: Cannot invoke "org.openqa.selenium.WebDriver.findElement(org.openqa.selenium.By)" because "this.driver" is null
at com.qa.tests.TrickyquestionsinterviewTest.agii(TrickyquestionsinterviewTest.java:74)
at java.base/java.util.ArrayList.forEach(ArrayList.java:1511)
... Removed 27 stack frames]]>
    </failure>
  </testcase> <!-- agii -->
  <testcase classname="com.qa.tests.TrickyquestionsinterviewTest" name="agiii" time="0.0">
    <ignored/>
  </testcase> <!-- agiii -->
</testsuite> <!-- Test -->
