{"uuid":"8ddd244a-0ae0-4aec-a39c-f3f52a69d3c8","historyId":"f8c34234694ea039e113a60ba98dd060","fullName":"com.qa.tests.jdbcTest.getgeteeTest","labels":[{"name":"package","value":"com.qa.tests.jdbcTest"},{"name":"testClass","value":"com.qa.tests.jdbcTest"},{"name":"testMethod","value":"getgeteeTest"},{"name":"parentSuite","value":"Default suite"},{"name":"suite","value":"Default test"},{"name":"subSuite","value":"com.qa.tests.jdbcTest"},{"name":"host","value":"Pragti"},{"name":"thread","value":"14988@Pragti.main(1)"},{"name":"framework","value":"testng"},{"name":"language","value":"java"}],"links":[],"name":"getgeteeTest","status":"broken","statusDetails":{"known":false,"muted":false,"flaky":false,"message":"\nExpected exception of type class java.lang.ArithmeticException but got org.testng.internal.thread.ThreadTimeoutException: Method com.qa.tests.jdbcTest.getgeteeTest() didn't finish within the time-out 2000","trace":"org.testng.TestException: \nExpected exception of type class java.lang.ArithmeticException but got org.testng.internal.thread.ThreadTimeoutException: Method com.qa.tests.jdbcTest.getgeteeTest() didn't finish within the time-out 2000\r\n\tat org.testng.internal.ExpectedExceptionsHolder.wrongException(ExpectedExceptionsHolder.java:68)\r\n\tat org.testng.internal.TestInvoker.considerExceptions(TestInvoker.java:719)\r\n\tat org.testng.internal.TestInvoker.invokeMethod(TestInvoker.java:616)\r\n\tat org.testng.internal.TestInvoker.invokeTestMethod(TestInvoker.java:172)\r\n\tat org.testng.internal.MethodRunner.runInSequence(MethodRunner.java:46)\r\n\tat org.testng.internal.TestInvoker$MethodInvocationAgent.invoke(TestInvoker.java:804)\r\n\tat org.testng.internal.TestInvoker.invokeTestMethods(TestInvoker.java:145)\r\n\tat org.testng.internal.TestMethodWorker.invokeTestMethods(TestMethodWorker.java:146)\r\n\tat org.testng.internal.TestMethodWorker.run(TestMethodWorker.java:128)\r\n\tat java.base/java.util.ArrayList.forEach(ArrayList.java:1511)\r\n\tat org.testng.TestRunner.privateRun(TestRunner.java:770)\r\n\tat org.testng.TestRunner.run(TestRunner.java:591)\r\n\tat org.testng.SuiteRunner.runTest(SuiteRunner.java:402)\r\n\tat org.testng.SuiteRunner.runSequentially(SuiteRunner.java:396)\r\n\tat org.testng.SuiteRunner.privateRun(SuiteRunner.java:355)\r\n\tat org.testng.SuiteRunner.run(SuiteRunner.java:304)\r\n\tat org.testng.SuiteRunnerWorker.runSuite(SuiteRunnerWorker.java:53)\r\n\tat org.testng.SuiteRunnerWorker.run(SuiteRunnerWorker.java:96)\r\n\tat org.testng.TestNG.runSuitesSequentially(TestNG.java:1180)\r\n\tat org.testng.TestNG.runSuitesLocally(TestNG.java:1102)\r\n\tat org.testng.TestNG.runSuites(TestNG.java:1032)\r\n\tat org.testng.TestNG.run(TestNG.java:1000)\r\n\tat org.testng.remote.AbstractRemoteTestNG.run(AbstractRemoteTestNG.java:115)\r\n\tat org.testng.remote.RemoteTestNG.initAndRun(RemoteTestNG.java:251)\r\n\tat org.testng.remote.RemoteTestNG.main(RemoteTestNG.java:77)\r\nCaused by: org.testng.internal.thread.ThreadTimeoutException: Method com.qa.tests.jdbcTest.getgeteeTest() didn't finish within the time-out 2000\r\n\tat java.base@17.0.10/java.util.zip.ZipFile.getMetaInfVersions(ZipFile.java:1085)\r\n\tat java.base@17.0.10/java.util.zip.ZipFile$1.getMetaInfVersions(ZipFile.java:1128)\r\n\tat java.base@17.0.10/java.util.jar.JarFile.getVersionedEntry(JarFile.java:602)\r\n\tat java.base@17.0.10/java.util.jar.JarFile.getEntry(JarFile.java:511)\r\n\tat java.base@17.0.10/java.util.jar.JarFile.getJarEntry(JarFile.java:472)\r\n\tat java.base@17.0.10/jdk.internal.loader.URLClassPath$JarLoader.getResource(URLClassPath.java:954)\r\n\tat java.base@17.0.10/jdk.internal.loader.URLClassPath.getResource(URLClassPath.java:319)\r\n\tat java.base@17.0.10/jdk.internal.loader.BuiltinClassLoader.findClassOnClassPathOrNull(BuiltinClassLoader.java:757)\r\n\tat java.base@17.0.10/jdk.internal.loader.BuiltinClassLoader.loadClassOrNull(BuiltinClassLoader.java:681)\r\n\tat java.base@17.0.10/jdk.internal.loader.BuiltinClassLoader.loadClass(BuiltinClassLoader.java:639)\r\n\tat java.base@17.0.10/jdk.internal.loader.ClassLoaders$AppClassLoader.loadClass(ClassLoaders.java:188)\r\n\tat java.base@17.0.10/java.lang.ClassLoader.loadClass(ClassLoader.java:525)\r\n\tat java.base@17.0.10/java.lang.Class.getDeclaredConstructors0(Native Method)\r\n\tat java.base@17.0.10/java.lang.Class.privateGetDeclaredConstructors(Class.java:3373)\r\n\tat java.base@17.0.10/java.lang.Class.getConstructor0(Class.java:3578)\r\n\tat java.base@17.0.10/java.lang.Class.newInstance(Class.java:626)\r\n\tat app//org.apache.logging.log4j.LogManager.<clinit>(LogManager.java:95)\r\n\tat app//io.netty.util.internal.logging.Log4J2LoggerFactory.newInstance(Log4J2LoggerFactory.java:33)\r\n\tat app//io.netty.util.internal.logging.InternalLoggerFactory.useLog4J2LoggerFactory(InternalLoggerFactory.java:76)\r\n\tat app//io.netty.util.internal.logging.InternalLoggerFactory.newDefaultFactory(InternalLoggerFactory.java:47)\r\n\tat app//io.netty.util.internal.logging.InternalLoggerFactory.getDefaultFactory(InternalLoggerFactory.java:111)\r\n\tat app//io.netty.util.internal.logging.InternalLoggerFactory.getInstance(InternalLoggerFactory.java:134)\r\n\tat app//io.netty.util.internal.logging.InternalLoggerFactory.getInstance(InternalLoggerFactory.java:127)\r\n\tat app//io.netty.util.HashedWheelTimer.<clinit>(HashedWheelTimer.java:88)\r\n\tat app//org.asynchttpclient.DefaultAsyncHttpClient.newNettyTimer(DefaultAsyncHttpClient.java:111)\r\n\tat app//org.asynchttpclient.DefaultAsyncHttpClient.<init>(DefaultAsyncHttpClient.java:90)\r\n\tat app//org.asynchttpclient.Dsl.asyncHttpClient(Dsl.java:32)\r\n\tat app//org.openqa.selenium.remote.http.netty.NettyClient.createHttpClient(NettyClient.java:91)\r\n\tat app//org.openqa.selenium.remote.http.netty.NettyClient.<clinit>(NettyClient.java:43)\r\n\tat app//org.openqa.selenium.remote.http.netty.NettyClient$Factory.createClient(NettyClient.java:124)\r\n\tat app//org.openqa.selenium.remote.HttpCommandExecutor.<init>(HttpCommandExecutor.java:115)\r\n\tat app//org.openqa.selenium.remote.HttpCommandExecutor.<init>(HttpCommandExecutor.java:92)\r\n\tat app//org.openqa.selenium.remote.service.DriverCommandExecutor.<init>(DriverCommandExecutor.java:89)\r\n\tat app//org.openqa.selenium.chromium.ChromiumDriverCommandExecutor.<init>(ChromiumDriverCommandExecutor.java:43)\r\n\tat app//org.openqa.selenium.chrome.ChromeDriver$ChromeDriverCommandExecutor.<init>(ChromeDriver.java:115)\r\n\tat app//org.openqa.selenium.chrome.ChromeDriver.generateExecutor(ChromeDriver.java:105)\r\n\tat app//org.openqa.selenium.chrome.ChromeDriver.<init>(ChromeDriver.java:88)\r\n\tat app//org.openqa.selenium.chrome.ChromeDriver.<init>(ChromeDriver.java:83)\r\n\tat app//org.openqa.selenium.chrome.ChromeDriver.<init>(ChromeDriver.java:51)\r\n\tat app//com.qa.tests.jdbcTest.getgeteeTest(jdbcTest.java:23)\r\n\tat java.base@17.0.10/jdk.internal.reflect.NativeMethodAccessorImpl.invoke0(Native Method)\r\n\tat java.base@17.0.10/jdk.internal.reflect.NativeMethodAccessorImpl.invoke(NativeMethodAccessorImpl.java:77)\r\n\tat java.base@17.0.10/jdk.internal.reflect.DelegatingMethodAccessorImpl.invoke(DelegatingMethodAccessorImpl.java:43)\r\n\tat java.base@17.0.10/java.lang.reflect.Method.invoke(Method.java:568)\r\n\tat app//org.testng.internal.MethodInvocationHelper.invokeMethod(MethodInvocationHelper.java:133)\r\n\tat app//org.testng.internal.InvokeMethodRunnable.runOne(InvokeMethodRunnable.java:51)\r\n\tat app//org.testng.internal.InvokeMethodRunnable.run(InvokeMethodRunnable.java:41)\r\n\tat java.base@17.0.10/java.util.concurrent.Executors$RunnableAdapter.call(Executors.java:539)\r\n\tat java.base@17.0.10/java.util.concurrent.FutureTask.run(FutureTask.java:264)\r\n\tat java.base@17.0.10/java.util.concurrent.ThreadPoolExecutor.runWorker(ThreadPoolExecutor.java:1136)\r\n\tat java.base@17.0.10/java.util.concurrent.ThreadPoolExecutor$Worker.run(ThreadPoolExecutor.java:635)\r\n\tat java.base@17.0.10/java.lang.Thread.run(Thread.java:840)\r\n"},"stage":"finished","steps":[],"attachments":[],"parameters":[],"start":1722497666421,"stop":1722497668481}