<?xml version="1.0" encoding="UTF-8"?>
<!-- Generated by org.testng.reporters.JUnitReportReporter -->
<testsuite hostname="Pragti" failures="0" tests="1" name="advanceconcepts.TimeoutexceptionTest" time="0.143" errors="1" timestamp="2024-07-30T16:54:01 IST" skipped="0">
  <testcase classname="advanceconcepts.TimeoutexceptionTest" name="fjTest" time="0.143">
    <error message="Method advanceconcepts.TimeoutexceptionTest.fjTest() didn&#039;t finish within the time-out 30" type="org.testng.internal.thread.ThreadTimeoutException">
      <![CDATA[org.testng.internal.thread.ThreadTimeoutException: Method advanceconcepts.TimeoutexceptionTest.fjTest() didn't finish within the time-out 30
at app//com.google.common.io.Resources.asByteSource(Resources.java:54)
at app//com.google.common.io.Resources.asCharSource(Resources.java:83)
at app//com.google.common.io.Resources.toString(Resources.java:107)
at app//org.openqa.selenium.remote.codec.w3c.W3CHttpCommandCodec.lambda$executeAtom$3(W3CHttpCommandCodec.java:356)
at app//org.openqa.selenium.remote.codec.w3c.W3CHttpCommandCodec$$Lambda$542/0x00000001004a17b8.apply(Unknown Source)
at java.base@17.0.10/java.util.concurrent.ConcurrentHashMap.computeIfAbsent(ConcurrentHashMap.java:1708)
at app//org.openqa.selenium.remote.codec.w3c.W3CHttpCommandCodec.executeAtom(W3CHttpCommandCodec.java:349)
at app//org.openqa.selenium.remote.codec.w3c.W3CHttpCommandCodec.amendParameters(W3CHttpCommandCodec.java:270)
at app//org.openqa.selenium.remote.codec.AbstractHttpCommandCodec.encode(AbstractHttpCommandCodec.java:267)
at app//org.openqa.selenium.remote.codec.AbstractHttpCommandCodec.encode(AbstractHttpCommandCodec.java:127)
at app//org.openqa.selenium.remote.HttpCommandExecutor.execute(HttpCommandExecutor.java:179)
at app//org.openqa.selenium.remote.service.DriverCommandExecutor.invokeExecute(DriverCommandExecutor.java:196)
at app//org.openqa.selenium.remote.service.DriverCommandExecutor.execute(DriverCommandExecutor.java:171)
at app//org.openqa.selenium.remote.RemoteWebDriver.execute(RemoteWebDriver.java:518)
at app//org.openqa.selenium.remote.RemoteWebElement.execute(RemoteWebElement.java:224)
at app//org.openqa.selenium.remote.RemoteWebElement.isDisplayed(RemoteWebElement.java:280)
at app//advanceconcepts.TimeoutexceptionTest.fjTest(TimeoutexceptionTest.java:37)
at java.base@17.0.10/jdk.internal.reflect.NativeMethodAccessorImpl.invoke0(Native Method)
at java.base@17.0.10/jdk.internal.reflect.NativeMethodAccessorImpl.invoke(NativeMethodAccessorImpl.java:77)
at java.base@17.0.10/jdk.internal.reflect.DelegatingMethodAccessorImpl.invoke(DelegatingMethodAccessorImpl.java:43)
at java.base@17.0.10/java.lang.reflect.Method.invoke(Method.java:568)
at app//org.testng.internal.MethodInvocationHelper.invokeMethod(MethodInvocationHelper.java:133)
at app//org.testng.internal.InvokeMethodRunnable.runOne(InvokeMethodRunnable.java:51)
at app//org.testng.internal.InvokeMethodRunnable.run(InvokeMethodRunnable.java:41)
at java.base@17.0.10/java.util.concurrent.Executors$RunnableAdapter.call(Executors.java:539)
at java.base@17.0.10/java.util.concurrent.FutureTask.run(FutureTask.java:264)
at java.base@17.0.10/java.util.concurrent.ThreadPoolExecutor.runWorker(ThreadPoolExecutor.java:1136)
at java.base@17.0.10/java.util.concurrent.ThreadPoolExecutor$Worker.run(ThreadPoolExecutor.java:635)
at java.base@17.0.10/java.lang.Thread.run(Thread.java:840)
]]>
    </error>
  </testcase> <!-- fjTest -->
</testsuite> <!-- advanceconcepts.TimeoutexceptionTest -->
