<?xml version="1.0" encoding="UTF-8"?>
<!-- Generated by org.testng.reporters.JUnitReportReporter -->
<testsuite hostname="Pragti" failures="0" tests="24" name="ooo.GlobalSQTest" time="106.039" errors="1" timestamp="2024-09-02T12:49:10 IST" skipped="15">
  <testcase classname="ooo.GlobalSQTest" name="searchTest" time="8.562"/>
  <testcase classname="ooo.GlobalSQTest" name="titleTest" time="0.144"/>
  <testcase classname="ooo.GlobalSQTest" name="ClickonreadmoreTest" time="4.454"/>
  <testcase classname="ooo.GlobalSQTest" name="Jan2017Test" time="8.439"/>
  <testcase classname="ooo.GlobalSQTest" name="FreeebooksTest" time="7.637"/>
  <testcase classname="ooo.GlobalSQTest" name="ValidateURLTest" time="6.029"/>
  <testcase classname="ooo.GlobalSQTest" name="MergesortclickTest" time="4.696"/>
  <testcase classname="ooo.GlobalSQTest" name="CheatSheetspresenceTest" time="6.045"/>
  <testcase classname="ooo.GlobalSQTest" name="SQLCheatSheetclkTest" time="60.033">
    <error message="no such element: Unable to locate element: {&quot;method&quot;:&quot;xpath&quot;,&quot;selector&quot;:&quot;//a[normalize-space()=&#039;SQL Cheat Sheet&#039;]&quot;}
  (Session info: chrome=121.0.6167.86)
For documentation on this error, please visit: https://www.selenium.dev/documentation/webdriver/troubleshooting/errors#no-such-element-exception
Build info: version: &#039;4.11.0&#039;, revision: &#039;040bc5406b&#039;
System info: os.name: &#039;Windows 10&#039;, os.arch: &#039;amd64&#039;, os.version: &#039;10.0&#039;, java.version: &#039;17.0.10&#039;
Driver info: org.openqa.selenium.chrome.ChromeDriver
Command: [2856cc29d9131d5b89d9565110d18d30, findElement {using=xpath, value=//a[normalize-space()=&#039;SQL Cheat Sheet&#039;]}]
Capabilities {acceptInsecureCerts: false, browserName: chrome, browserVersion: 121.0.6167.86, chrome: {chromedriverVersion: 121.0.6167.184 (057a8ae7deb..., userDataDir: C:\Users\Admin\AppData\Loca...}, fedcm:accounts: true, goog:chromeOptions: {debuggerAddress: localhost:52981}, networkConnectionEnabled: false, pageLoadStrategy: normal, platformName: windows, proxy: Proxy(), se:cdp: ws://localhost:52981/devtoo..., se:cdpVersion: 121.0.6167.86, setWindowRect: true, strictFileInteractability: false, timeouts: {implicit: 0, pageLoad: 300000, script: 30000}, unhandledPromptBehavior: dismiss and notify, webauthn:extension:credBlob: true, webauthn:extension:largeBlob: true, webauthn:extension:minPinLength: true, webauthn:extension:prf: true, webauthn:virtualAuthenticators: true}
Session ID: 2856cc29d9131d5b89d9565110d18d30" type="org.openqa.selenium.NoSuchElementException">
      <![CDATA[org.openqa.selenium.NoSuchElementException: no such element: Unable to locate element: {"method":"xpath","selector":"//a[normalize-space()='SQL Cheat Sheet']"}
  (Session info: chrome=121.0.6167.86)
For documentation on this error, please visit: https://www.selenium.dev/documentation/webdriver/troubleshooting/errors#no-such-element-exception
Build info: version: '4.11.0', revision: '040bc5406b'
System info: os.name: 'Windows 10', os.arch: 'amd64', os.version: '10.0', java.version: '17.0.10'
Driver info: org.openqa.selenium.chrome.ChromeDriver
Command: [2856cc29d9131d5b89d9565110d18d30, findElement {using=xpath, value=//a[normalize-space()='SQL Cheat Sheet']}]
Capabilities {acceptInsecureCerts: false, browserName: chrome, browserVersion: 121.0.6167.86, chrome: {chromedriverVersion: 121.0.6167.184 (057a8ae7deb..., userDataDir: C:\Users\Admin\AppData\Loca...}, fedcm:accounts: true, goog:chromeOptions: {debuggerAddress: localhost:52981}, networkConnectionEnabled: false, pageLoadStrategy: normal, platformName: windows, proxy: Proxy(), se:cdp: ws://localhost:52981/devtoo..., se:cdpVersion: 121.0.6167.86, setWindowRect: true, strictFileInteractability: false, timeouts: {implicit: 0, pageLoad: 300000, script: 30000}, unhandledPromptBehavior: dismiss and notify, webauthn:extension:credBlob: true, webauthn:extension:largeBlob: true, webauthn:extension:minPinLength: true, webauthn:extension:prf: true, webauthn:virtualAuthenticators: true}
Session ID: 2856cc29d9131d5b89d9565110d18d30
at java.base/jdk.internal.reflect.NativeConstructorAccessorImpl.newInstance0(Native Method)
at java.base/jdk.internal.reflect.NativeConstructorAccessorImpl.newInstance(NativeConstructorAccessorImpl.java:77)
at java.base/jdk.internal.reflect.DelegatingConstructorAccessorImpl.newInstance(DelegatingConstructorAccessorImpl.java:45)
at java.base/java.lang.reflect.Constructor.newInstanceWithCaller(Constructor.java:499)
at java.base/java.lang.reflect.Constructor.newInstance(Constructor.java:480)
at org.openqa.selenium.remote.codec.w3c.W3CHttpResponseCodec.createException(W3CHttpResponseCodec.java:200)
at org.openqa.selenium.remote.codec.w3c.W3CHttpResponseCodec.decode(W3CHttpResponseCodec.java:133)
at org.openqa.selenium.remote.codec.w3c.W3CHttpResponseCodec.decode(W3CHttpResponseCodec.java:52)
at org.openqa.selenium.remote.HttpCommandExecutor.execute(HttpCommandExecutor.java:191)
at org.openqa.selenium.remote.service.DriverCommandExecutor.invokeExecute(DriverCommandExecutor.java:196)
at org.openqa.selenium.remote.service.DriverCommandExecutor.execute(DriverCommandExecutor.java:171)
at org.openqa.selenium.remote.RemoteWebDriver.execute(RemoteWebDriver.java:518)
at org.openqa.selenium.remote.ElementLocation$ElementFinder$2.findElement(ElementLocation.java:165)
at org.openqa.selenium.remote.ElementLocation.findElement(ElementLocation.java:59)
at org.openqa.selenium.remote.RemoteWebDriver.findElement(RemoteWebDriver.java:355)
at org.openqa.selenium.remote.RemoteWebDriver.findElement(RemoteWebDriver.java:349)
at ooo.GlobalSQTest.SQLCheatSheetclkTest(GlobalSQTest.java:139)
at java.base/jdk.internal.reflect.NativeMethodAccessorImpl.invoke0(Native Method)
at java.base/jdk.internal.reflect.NativeMethodAccessorImpl.invoke(NativeMethodAccessorImpl.java:77)
at java.base/jdk.internal.reflect.DelegatingMethodAccessorImpl.invoke(DelegatingMethodAccessorImpl.java:43)
at java.base/java.lang.reflect.Method.invoke(Method.java:568)
at org.testng.internal.MethodInvocationHelper.invokeMethod(MethodInvocationHelper.java:133)
at org.testng.internal.TestInvoker.invokeMethod(TestInvoker.java:584)
at org.testng.internal.TestInvoker.invokeTestMethod(TestInvoker.java:172)
at org.testng.internal.MethodRunner.runInSequence(MethodRunner.java:46)
at org.testng.internal.TestInvoker$MethodInvocationAgent.invoke(TestInvoker.java:804)
at org.testng.internal.TestInvoker.invokeTestMethods(TestInvoker.java:145)
at org.testng.internal.TestMethodWorker.invokeTestMethods(TestMethodWorker.java:146)
at org.testng.internal.TestMethodWorker.run(TestMethodWorker.java:128)
at java.base/java.util.ArrayList.forEach(ArrayList.java:1511)
at org.testng.TestRunner.privateRun(TestRunner.java:770)
at org.testng.TestRunner.run(TestRunner.java:591)
at org.testng.SuiteRunner.runTest(SuiteRunner.java:402)
at org.testng.SuiteRunner.runSequentially(SuiteRunner.java:396)
at org.testng.SuiteRunner.privateRun(SuiteRunner.java:355)
at org.testng.SuiteRunner.run(SuiteRunner.java:304)
at org.testng.SuiteRunnerWorker.runSuite(SuiteRunnerWorker.java:53)
at org.testng.SuiteRunnerWorker.run(SuiteRunnerWorker.java:96)
at org.testng.TestNG.runSuitesSequentially(TestNG.java:1180)
at org.testng.TestNG.runSuitesLocally(TestNG.java:1102)
at org.testng.TestNG.runSuites(TestNG.java:1032)
at org.testng.TestNG.run(TestNG.java:1000)
at org.testng.remote.AbstractRemoteTestNG.run(AbstractRemoteTestNG.java:115)
at org.testng.remote.RemoteTestNG.initAndRun(RemoteTestNG.java:251)
at org.testng.remote.RemoteTestNG.main(RemoteTestNG.java:77)
]]>
    </error>
  </testcase> <!-- SQLCheatSheetclkTest -->
  <testcase classname="ooo.GlobalSQTest" name="VerifytestershubTest" time="0.000">
    <skipped/>
  </testcase> <!-- VerifytestershubTest -->
  <testcase classname="ooo.GlobalSQTest" name="VerifyconformationboxTest" time="0.000">
    <skipped/>
  </testcase> <!-- VerifyconformationboxTest -->
  <testcase classname="ooo.GlobalSQTest" name="VerifypromptboxpageurlTest" time="0.000">
    <skipped/>
  </testcase> <!-- VerifypromptboxpageurlTest -->
  <testcase classname="ooo.GlobalSQTest" name="ClickonsepTest" time="0.000">
    <skipped/>
  </testcase> <!-- ClickonsepTest -->
  <testcase classname="ooo.GlobalSQTest" name="VerifyAutomationTestingunderCategoriesTest" time="0.000">
    <skipped/>
  </testcase> <!-- VerifyAutomationTestingunderCategoriesTest -->
  <testcase classname="ooo.GlobalSQTest" name="ClickonAutomationTesting" time="0.000">
    <skipped/>
  </testcase> <!-- ClickonAutomationTesting -->
  <testcase classname="ooo.GlobalSQTest" name="VerifyAutomationTestingTitleTest" time="0.000">
    <skipped/>
  </testcase> <!-- VerifyAutomationTestingTitleTest -->
  <testcase classname="ooo.GlobalSQTest" name="samplepageclickTest" time="0.000">
    <skipped/>
  </testcase> <!-- samplepageclickTest -->
  <testcase classname="ooo.GlobalSQTest" name="ChooseFileTest" time="0.000">
    <skipped/>
  </testcase> <!-- ChooseFileTest -->
  <testcase classname="ooo.GlobalSQTest" name="ClickonabovegplussignTest" time="0.000">
    <skipped/>
  </testcase> <!-- ClickonabovegplussignTest -->
  <testcase classname="ooo.GlobalSQTest" name="ClickonsearchTest" time="0.000">
    <skipped/>
  </testcase> <!-- ClickonsearchTest -->
  <testcase classname="ooo.GlobalSQTest" name="ClickonFreeDeepLearningEBooksTest" time="0.000">
    <skipped/>
  </testcase> <!-- ClickonFreeDeepLearningEBooksTest -->
  <testcase classname="ooo.GlobalSQTest" name="ClickonLinuxTutorialTest" time="0.000">
    <skipped/>
  </testcase> <!-- ClickonLinuxTutorialTest -->
  <testcase classname="ooo.GlobalSQTest" name="ClickonLinuxTutorial56Test" time="0.000">
    <skipped/>
  </testcase> <!-- ClickonLinuxTutorial56Test -->
  <testcase classname="ooo.GlobalSQTest" name="ClickonABOUTandokpennewTabTest" time="0.000">
    <skipped/>
  </testcase> <!-- ClickonABOUTandokpennewTabTest -->
</testsuite> <!-- ooo.GlobalSQTest -->
