<?xml version="1.0" encoding="UTF-8"?>
<!-- Generated by org.testng.reporters.JUnitXMLReporter -->
<testsuite ignored="0" hostname="Pragti" failures="1" tests="3" name="Testu" time="0.437" errors="0" timestamp="2024-04-09T09:34:29 IST">
  <testcase classname="com.qa.tests.Listener555555Test" name="fTest" time="0.151">
    <failure type="java.lang.AssertionError" message="did not expect to find [true] but found [false]">
      <![CDATA[java.lang.AssertionError: did not expect to find [true] but found [false]
at com.qa.tests.Listener555555Test.fTest(Listener555555Test.java:24)
at java.base/java.util.ArrayList.forEach(ArrayList.java:1511)
... Removed 31 stack frames]]>
    </failure>
  </testcase> <!-- fTest -->
  <testcase classname="com.qa.tests.Listener555555Test" name="fiTest" time="0.007"/>
  <testcase classname="com.qa.tests.Listener555555Test" name="foTest" time="0.011"/>
</testsuite> <!-- Testu -->
